[2018-08-01 12:16:10.023] [sharedprocess] [info] main {"machineId":"bf0aac78085d8e9ce096f53c362206338811f0e8132fbf35c1cc7a7d9593809e"}
[2018-08-01 12:16:10.063] [sharedprocess] [info] Scanned user extensions: 1
[2018-08-01 12:16:10.077] [sharedprocess] [info] Scanned user extensions: 1
[2018-08-01 12:16:10.077] [sharedprocess] [info] Scanned user extensions: 1
[2018-08-01 12:16:10.080] [sharedprocess] [info] Scanned user extensions: 1
[2018-08-01 12:16:10.115] [sharedprocess] [info] Scanned system extensions: 70
[2018-08-01 12:16:10.118] [sharedprocess] [info] Scanned system extensions: 70
[2018-08-01 12:16:10.120] [sharedprocess] [info] Scanned system extensions: 70
[2018-08-01 12:16:10.306] [sharedprocess] [info] Scanned user extensions: 1
[2018-08-01 12:16:27.895] [sharedprocess] [info] Scanned user extensions: 1
[2018-08-01 12:16:27.897] [sharedprocess] [info] Scanned user extensions: 1
[2018-08-01 12:16:27.898] [sharedprocess] [info] Scanned user extensions: 1
[2018-08-01 12:16:27.948] [sharedprocess] [info] Scanned system extensions: 70
[2018-08-01 12:16:27.954] [sharedprocess] [info] Scanned system extensions: 70
[2018-08-01 12:16:30.732] [sharedprocess] [info] Scanned user extensions: 1
[2018-08-01 12:16:50.026] [sharedprocess] [info] Starting to clean up unused language packs.
[2018-08-01 12:16:50.030] [sharedprocess] [info] Skipping directory f4e5daeb91344341c9a73f3961dbf86b.ko. Language pack still in use.
[2018-08-01 12:17:34.499] [sharedprocess] [info] Scanned user extensions: 1
[2018-08-01 12:21:30.763] [sharedprocess] [info] Scanned user extensions: 1
[2018-08-01 12:26:30.777] [sharedprocess] [info] Scanned user extensions: 1
[2018-08-01 12:31:30.789] [sharedprocess] [info] Scanned user extensions: 1
[2018-08-01 12:36:30.802] [sharedprocess] [info] Scanned user extensions: 1
[2018-08-01 12:41:30.813] [sharedprocess] [info] Scanned user extensions: 1
[2018-08-01 12:46:30.823] [sharedprocess] [info] Scanned user extensions: 1
[2018-08-01 12:51:30.827] [sharedprocess] [info] Scanned user extensions: 1
[2018-08-01 12:56:30.837] [sharedprocess] [info] Scanned user extensions: 1
[2018-08-01 13:01:30.849] [sharedprocess] [info] Scanned user extensions: 1
[2018-08-01 13:06:30.862] [sharedprocess] [info] Scanned user extensions: 1
[2018-08-01 13:11:30.874] [sharedprocess] [info] Scanned user extensions: 1
[2018-08-01 13:16:30.996] [sharedprocess] [info] Scanned user extensions: 1
[2018-08-01 13:21:31.007] [sharedprocess] [info] Scanned user extensions: 1
[2018-08-01 13:26:31.020] [sharedprocess] [info] Scanned user extensions: 1
[2018-08-01 13:31:31.034] [sharedprocess] [info] Scanned user extensions: 1
[2018-08-01 13:36:31.042] [sharedprocess] [info] Scanned user extensions: 1
[2018-08-01 13:41:31.053] [sharedprocess] [info] Scanned user extensions: 1
[2018-08-01 13:46:31.064] [sharedprocess] [info] Scanned user extensions: 1
[2018-08-01 13:51:31.077] [sharedprocess] [info] Scanned user extensions: 1
[2018-08-01 13:56:31.090] [sharedprocess] [info] Scanned user extensions: 1
[2018-08-01 14:01:31.103] [sharedprocess] [info] Scanned user extensions: 1
[2018-08-01 14:06:31.116] [sharedprocess] [info] Scanned user extensions: 1
[2018-08-01 14:11:31.128] [sharedprocess] [info] Scanned user extensions: 1
[2018-08-01 14:16:31.253] [sharedprocess] [info] Scanned user extensions: 1
[2018-08-01 14:21:31.265] [sharedprocess] [info] Scanned user extensions: 1
[2018-08-01 14:26:31.276] [sharedprocess] [info] Scanned user extensions: 1
[2018-08-01 14:31:31.296] [sharedprocess] [info] Scanned user extensions: 1
[2018-08-01 14:36:31.305] [sharedprocess] [info] Scanned user extensions: 1
[2018-08-01 14:41:31.317] [sharedprocess] [info] Scanned user extensions: 1
[2018-08-01 14:46:31.322] [sharedprocess] [info] Scanned user extensions: 1
[2018-08-01 14:51:31.328] [sharedprocess] [info] Scanned user extensions: 1
[2018-08-01 14:56:31.338] [sharedprocess] [info] Scanned user extensions: 1
[2018-08-01 15:01:31.351] [sharedprocess] [info] Scanned user extensions: 1
[2018-08-01 15:06:31.361] [sharedprocess] [info] Scanned user extensions: 1
[2018-08-01 15:11:31.369] [sharedprocess] [info] Scanned user extensions: 1
[2018-08-01 15:16:31.492] [sharedprocess] [info] Scanned user extensions: 1
[2018-08-01 15:21:31.505] [sharedprocess] [info] Scanned user extensions: 1
[2018-08-01 15:26:31.518] [sharedprocess] [info] Scanned user extensions: 1
[2018-08-01 15:31:31.530] [sharedprocess] [info] Scanned user extensions: 1
[2018-08-01 15:36:31.541] [sharedprocess] [info] Scanned user extensions: 1
[2018-08-01 15:41:31.557] [sharedprocess] [info] Scanned user extensions: 1
