Looking for git in: git
Using git 1.9.1 from git
> git rev-parse --show-toplevel
> git config --get commit.template
Open repository: /root/test/otter
> git status -z -u
> git symbolic-ref --short HEAD
> git rev-parse loginService
> git rev-parse --symbolic-full-name loginService@{u}
> git rev-list --left-right loginService...refs/remotes/origin/loginService
> git for-each-ref --format %(refname) %(objectname) --sort -committerdate
> git remote --verbose
> git check-ignore -z --stdin
> git check-ignore -z --stdin
> git check-ignore -z --stdin
> git show :spark_node/app.js
> git status -z -u
> git symbolic-ref --short HEAD
> git rev-parse loginService
> git rev-parse --symbolic-full-name loginService@{u}
> git rev-list --left-right loginService...refs/remotes/origin/loginService
> git for-each-ref --format %(refname) %(objectname) --sort -committerdate
> git remote --verbose
> git status -z -u
> git symbolic-ref --short HEAD
> git rev-parse loginService
> git rev-parse --symbolic-full-name loginService@{u}
> git rev-list --left-right loginService...refs/remotes/origin/loginService
> git for-each-ref --format %(refname) %(objectname) --sort -committerdate
> git remote --verbose
> git show :.gitignore
> git check-ignore -z --stdin
> git status -z -u
> git symbolic-ref --short HEAD
> git rev-parse loginService
> git rev-parse --symbolic-full-name loginService@{u}
> git rev-list --left-right loginService...refs/remotes/origin/loginService
> git for-each-ref --format %(refname) %(objectname) --sort -committerdate
> git remote --verbose
> git check-ignore -z --stdin
> git status -z -u
> git symbolic-ref --short HEAD
> git rev-parse loginService
> git rev-parse --symbolic-full-name loginService@{u}
> git rev-list --left-right loginService...refs/remotes/origin/loginService
> git for-each-ref --format %(refname) %(objectname) --sort -committerdate
> git remote --verbose
> git check-ignore -z --stdin
> git status -z -u
> git symbolic-ref --short HEAD
> git rev-parse loginService
> git rev-parse --symbolic-full-name loginService@{u}
> git rev-list --left-right loginService...refs/remotes/origin/loginService
> git for-each-ref --format %(refname) %(objectname) --sort -committerdate
> git remote --verbose
> git check-ignore -z --stdin
> git status -z -u
> git symbolic-ref --short HEAD
> git rev-parse loginService
> git rev-parse --symbolic-full-name loginService@{u}
> git rev-list --left-right loginService...refs/remotes/origin/loginService
> git for-each-ref --format %(refname) %(objectname) --sort -committerdate
> git remote --verbose
> git show :.gitignore
> git show :test.txt
> git show :.gitignore
> git status -z -u
> git symbolic-ref --short HEAD
> git show :word.py
> git rev-parse loginService
> git rev-parse --symbolic-full-name loginService@{u}
> git rev-list --left-right loginService...refs/remotes/origin/loginService
> git for-each-ref --format %(refname) %(objectname) --sort -committerdate
> git remote --verbose
> git show :.gitignore
> git show :wordcount.py
> git status -z -u
> git symbolic-ref --short HEAD
> git rev-parse loginService
> git rev-parse --symbolic-full-name loginService@{u}
> git rev-list --left-right loginService...refs/remotes/origin/loginService
> git for-each-ref --format %(refname) %(objectname) --sort -committerdate
> git remote --verbose
> git show :.gitignore
> git show :storage.json
> git show :.gitignore
> git status -z -u
> git symbolic-ref --short HEAD
> git rev-parse loginService
> git rev-parse --symbolic-full-name loginService@{u}
> git rev-list --left-right loginService...refs/remotes/origin/loginService
> git for-each-ref --format %(refname) %(objectname) --sort -committerdate
> git remote --verbose
> git check-ignore -z --stdin
> git status -z -u
> git symbolic-ref --short HEAD
> git rev-parse loginService
> git rev-parse --symbolic-full-name loginService@{u}
> git rev-list --left-right loginService...refs/remotes/origin/loginService
> git for-each-ref --format %(refname) %(objectname) --sort -committerdate
> git remote --verbose
> git check-ignore -z --stdin
> git status -z -u
> git symbolic-ref --short HEAD
> git rev-parse loginService
> git rev-parse --symbolic-full-name loginService@{u}
> git rev-list --left-right loginService...refs/remotes/origin/loginService
> git for-each-ref --format %(refname) %(objectname) --sort -committerdate
> git remote --verbose
> git check-ignore -z --stdin
> git status -z -u
> git symbolic-ref --short HEAD
> git rev-parse loginService
> git rev-parse --symbolic-full-name loginService@{u}
> git rev-list --left-right loginService...refs/remotes/origin/loginService
> git for-each-ref --format %(refname) %(objectname) --sort -committerdate
> git remote --verbose
> git check-ignore -z --stdin
> git status -z -u
> git symbolic-ref --short HEAD
> git rev-parse loginService
> git rev-parse --symbolic-full-name loginService@{u}
> git rev-list --left-right loginService...refs/remotes/origin/loginService
> git for-each-ref --format %(refname) %(objectname) --sort -committerdate
> git remote --verbose
> git check-ignore -z --stdin
> git check-ignore -z --stdin
> git status -z -u
> git symbolic-ref --short HEAD
> git rev-parse loginService
> git rev-parse --symbolic-full-name loginService@{u}
> git rev-list --left-right loginService...refs/remotes/origin/loginService
> git for-each-ref --format %(refname) %(objectname) --sort -committerdate
> git remote --verbose
> git check-ignore -z --stdin
> git check-ignore -z --stdin
> git status -z -u
> git symbolic-ref --short HEAD
> git rev-parse loginService
> git rev-parse --symbolic-full-name loginService@{u}
> git rev-list --left-right loginService...refs/remotes/origin/loginService
> git for-each-ref --format %(refname) %(objectname) --sort -committerdate
> git remote --verbose
> git check-ignore -z --stdin
> git check-ignore -z --stdin
> git status -z -u
> git symbolic-ref --short HEAD
> git rev-parse loginService
> git rev-parse --symbolic-full-name loginService@{u}
> git rev-list --left-right loginService...refs/remotes/origin/loginService
> git for-each-ref --format %(refname) %(objectname) --sort -committerdate
> git remote --verbose
> git check-ignore -z --stdin
> git check-ignore -z --stdin
> git status -z -u
> git symbolic-ref --short HEAD
> git rev-parse loginService
> git rev-parse --symbolic-full-name loginService@{u}
> git rev-list --left-right loginService...refs/remotes/origin/loginService
> git for-each-ref --format %(refname) %(objectname) --sort -committerdate
> git remote --verbose
> git show :.gitignore
> git show :Cookies-journal
> git show :.gitignore
> git show :machineid
> git show :.gitignore
> git status -z -u
> git symbolic-ref --short HEAD
> git rev-parse loginService
> git rev-parse --symbolic-full-name loginService@{u}
> git rev-list --left-right loginService...refs/remotes/origin/loginService
> git for-each-ref --format %(refname) %(objectname) --sort -committerdate
> git remote --verbose
> git show :Preferences
> git status -z -u
> git symbolic-ref --short HEAD
> git rev-parse loginService
> git rev-parse --symbolic-full-name loginService@{u}
> git rev-list --left-right loginService...refs/remotes/origin/loginService
> git for-each-ref --format %(refname) %(objectname) --sort -committerdate
> git remote --verbose
> git show :.gitignore
> git show :storage.json
> git status -z -u
> git symbolic-ref --short HEAD
> git rev-parse loginService
> git rev-parse --symbolic-full-name loginService@{u}
> git rev-list --left-right loginService...refs/remotes/origin/loginService
> git for-each-ref --format %(refname) %(objectname) --sort -committerdate
> git remote --verbose
> git show :.gitignore
> git status -z -u
> git symbolic-ref --short HEAD
> git rev-parse loginService
> git rev-parse --symbolic-full-name loginService@{u}
> git rev-list --left-right loginService...refs/remotes/origin/loginService
> git for-each-ref --format %(refname) %(objectname) --sort -committerdate
> git remote --verbose
> git show :spark_node/hs_err_pid17327.log
> git show :.gitignore
> git check-ignore -z --stdin
> git status -z -u
> git symbolic-ref --short HEAD
> git rev-parse loginService
> git rev-parse --symbolic-full-name loginService@{u}
> git rev-list --left-right loginService...refs/remotes/origin/loginService
> git for-each-ref --format %(refname) %(objectname) --sort -committerdate
> git remote --verbose
> git check-ignore -z --stdin
> git check-ignore -z --stdin
> git status -z -u
> git symbolic-ref --short HEAD
> git rev-parse loginService
> git rev-parse --symbolic-full-name loginService@{u}
> git rev-list --left-right loginService...refs/remotes/origin/loginService
> git for-each-ref --format %(refname) %(objectname) --sort -committerdate
> git remote --verbose
> git show :languagepacks.json
> git show :package-lock.json
> git show :languagepacks.json
> git show :.gitignore
> git check-ignore -z --stdin
> git status -z -u
> git symbolic-ref --short HEAD
> git rev-parse loginService
> git rev-parse --symbolic-full-name loginService@{u}
> git rev-list --left-right loginService...refs/remotes/origin/loginService
> git for-each-ref --format %(refname) %(objectname) --sort -committerdate
> git remote --verbose
> git check-ignore -z --stdin
> git check-ignore -z --stdin
